/research/more-news/:Research;More news;
/research/people/:Research;People;
/research/people/:Research;People;
/research/people/:Research;People;
/research/people/:Research;People;
/research/people/:Research;People;
/research/people/:Research;People;
/research/people/:Research;People;
/research/people/:Research;People;
/research/more-news/:Research;More news;
/research/more-news/:Research;More news;
/news/:News;
/research/more-news/:Research;More news;
/news/:News;
/research/more-news/:Research;More news;
/news/:News;
/research/more-news/:Research;More news;
/news/:News;
/research/more-news/:Research;More news;
/research/more-news/:Research;More news;
/research/more-news/:Research;More news;
/research/more-news/:Research;More news;
/research/more-news/:Research;More news;
/news/:News;
/research/more-news/:Research;More news;
/news/:News;
/research/more-news/:Research;More news;
/news/:News;
/research/people/:Research;People;
/:
/research/more-news/:Research;More news;
/research/more-news/:Research;More news;
/research/more-news/:Research;More news;
/research/in-the-media/:Research;In the media;
/research/more-news/:Research;More news;
/research/more-news/:Research;More news;
/research/more-news/:Research;More news;
/research/more-news/:Research;More news;
/research/more-news/:Research;More news;
/news/:News;
/:
/talks-and-posters-at-conferences/:Talks and posters 2002-04
/research/more-news/:Research;More news;
/products/books-proceedings/books-amp-proceedings-11/:Products;Books & proceedings;Books & proceedings 11
/products/in-the-media/:Products;In the media;
/products/other-talks/other-talks-2011/:Products;Other Talks;Other talks 11
/research/other-products/:Research;Other Products;
/products/talks-posters/talks-amp-posters-11/:Products;Talks & Posters;Talks & posters 11
/research/in-the-media/:Research;In the media;
/research/more-news/:Research;More news;
/research/in-the-media/:Research;In the media;
/research/in-the-media/:Research;In the media;
/research/more-news/:Research;More news;
/research/people/:Research;People;
/research/in-the-media/:Research;In the media;
/research/in-the-media/:Research;In the media;
/research/more-news/:Research;More news;
/research/in-the-media/:Research;In the media;
/people/:Andreas Hafver
/research/more-news/:Research;More news;
/research/more-news/:Research;More news;
/research/in-the-media/:Research;In the media;
/products/books-proceedings/books-proceedings07/:Products;Books & proceedings;In books & proceedings 2007
/research/more-news/:Research;More news;
/news/:News;
/research/more-news/:Research;More news;
/news/:News;
/people/phd-students/:People;Ole Ivar Ulven
/research/people/:Research;People;
/research/more-news/:Research;More news;
/news/:News;
/research/more-news/:Research;More news;
/research/people/:Research;People;
/research/more-news/:Research;More news;
/research/more-news/:Research;More news;
/research/more-news/:Research;More news;
/news/:News;
/research/in-the-media/:Research;In the media;
/research/conferences-seminars-arranged/:Research;Conferences & seminars arranged;
/research/more-news/:Research;More news;
/research/in-the-media/:Research;In the media;
/research/conferences-seminars-arranged/:Research;Conferences & seminars arranged;
/research/more-news/:Research;More news;
/news/:News;
/research/in-the-media/:Research;In the media;
/research/more-news/:Research;More news;
/methods/theory/:Methods;Theory;
/methods/theory/:Methods;Theory;
/methods/theory/:Methods;Theory;
/research/in-the-media/:Research;In the media;
/research/people/:Research;People;
/research/people/:Research;People;
/research/in-the-media/:Research;In the media;
/products/pgp-art/:Products;PGP-ART;
/research/in-the-media/:Research;In the media;
/research/in-the-media/:Research;In the media;
/research/more-news/:Research;More news;
/methods/theory/:Methods;Theory;
/methods/theory/:Methods;Theory;
/methods/theory/:Methods;Theory;
/products/other-talks/:Products;Other Talks;
/research/publications-in-int-journals/:Research;Publications in int. journals;
/research/in-the-media/:Research;In the media;
/research/more-news/:Research;More news;
/methods/theory/:Methods;Theory;
/methods/theory/:Methods;Theory;
/research/more-news/:Research;More news;
/research/people/:Research;People;
/research/in-the-media/:Research;In the media;
/research/more-news/:Research;More news;
/research/more-news/:Research;More news;
/research/more-news/:Research;More news;
/research/people/:Research;People;
/research/in-the-media/:Research;In the media;
/research/more-news/:Research;More news;
/methods/computer-modelling/:Methods;Computer Modelling;
/methods/computer-modelling/:Methods;Computer Modelling;
/research/more-news/:Research;More news;
/research/in-the-media/:Research;In the media;
/research/more-news/:Research;More news;
/research/more-news/:Research;More news;
/research/more-news/:Research;More news;
/methods/computer-modelling/:Methods;Computer Modelling;
/methods/computer-modelling/:Methods;Computer Modelling;
/research/more-news/:Research;More news;
/research/people/:Research;People;
/research/more-news/:Research;More news;
/news/:News;
/research/more-news/:Research;More news;
/news/:News;
/research/more-news/:Research;More news;
/news/:News;
/research/more-news/:Research;More news;
/news/:News;
/research/more-news/:Research;More news;
/news/:News;
/research/more-news/:Research;More news;
/news/:News;
/methods/computer-modelling/:Methods;Computer Modelling;
/methods/computer-modelling/:Methods;Computer Modelling;
/research/more-news/:Research;More news;
/news/:News;
/research/more-news/:Research;More news;
/news/:News;
/research/more-news/:Research;More news;
/news/:News;
/research/people/:Research;People;
/research/more-news/:Research;More news;
/news/:News;
/research/more-news/:Research;More news;
/education/pgp-master/:Education;PGP - Master;
/research/more-news/:Research;More news;
/research/more-news/:Research;More news;
/research/more-news/:Research;More news;
/products/invited-talks/invited-talks-08/:Products;Invited talks;Invited talks 2008
/products/other-talks/:Products;Other talks 2009
/methods/fieldwork/:Methods;Fieldwork;
/methods/fieldwork/:Methods;Fieldwork;
/research/in-the-media/:Research;In the media;
/research/more-news/:Research;More news;
/research/in-the-media/:Research;In the media;
/research/more-news/:Research;More news;
/research/more-news/:Research;More news;
/research/more-news/:Research;More news;
/methods/fieldwork/:Methods;Fieldwork;
/research/more-news/:Research;More news;
/research/more-news/:Research;More news;
/people/:People;
/research/people/:Research;People;
/education/masters-degree-projects-2007/:Education;Masters Degree Projects 2007;
/education/pgp-master/:Education;PGP - Master;
/research/more-news/:Research;More news;
/research/more-news/:Research;More news;
/methods/fieldwork/:Methods;Fieldwork;
/research/more-news/:Research;More news;
/research/in-the-media/:Research;In the media;
/research/in-the-media/:Research;In the media;
/research/more-news/:Research;More news;
/news/:News;
/research/more-news/:Research;More news;
/news/:News;
/education/pgp-courses/:Education;PGP - Courses;
/research/more-news/:Research;More news;
/news/:News;
/methods/fieldwork/:Methods;Fieldwork;
/research/more-news/:Research;More news;
/news/:News;
/research/people/:Research;People;
/research/people/:Research;People;
/research/people/:Research;People;
/research/people/:Research;People;
/research/people/:Research;People;
/research/field-work/:Research;Field work 2008
/research/pgp-abstract/:Research;PGP-Abstract;
/products/other-talks/:Products;Other Talks;
/products/invited-talks/:Products;Invited talks 2009
/research/more-news/:Research;More news;
/news/:News;
/products/papers/papers-07/:Products;Papers;Publications in int. journals 2007
/research/publications-in-int-journals/:Research;Publications in int. journals;
/products/books-amp-proceedings/:Products;Books & proceedings 2009
/research/more-news/:Research;More news;
/education/pgp-master/:Education;Master in Earth Sciences at a Centre of Excellence, University of Oslo, Norway?
/education/pgp-master/:Education;PGP - Master;
/research/more-news/:Research;More news;
/research/people/:Research;People;
/research/more-news/:Research;More news;
/news/:News;
/research/in-the-media/:Research;In the media;
/research/in-the-media/:Research;In the media;
/research/more-news/:Research;More news;
/news/:News;
/research/more-news/:Research;More news;
/news/:News;
/research/in-the-media/:Research;In the media;
/education/pgp-courses/:Education;PGP - Courses;
/education/guest-students/:Education;Guest student?
/home/organization/:Home;Organization and fundings
/research/more-news/:Research;More news;
/research/how-to-find-us/:Research;How to find us;
/research/more-news/:Research;More news;
/research/conferences-seminars-arranged/:Research;Conferences & seminars arranged;
/research/publications-in-int-journals/:Research;Publications in int. journals;
/research/more-news/:Research;More news;
/research/more-news/:Research;More news;
/education/pgp-phd/:Education;PGP - PhD;
/research/more-news/:Research;More news;
/research/more-news/:Research;More news;
/education/pgp-master/:Education;PGP - Master;
/education/pgp-master-board/:Education;Referater fra Masterprogramrådet til PGP
/research/more-news/:Research;More news;
/research/more-news/:Research;More news;
/research/more-news/:Research;More news;
/research/people/:Research;People;
/research/more-news/:Research;More news;
/research/more-news/:Research;More news;
/research/more-news/:Research;More news;
/research/more-news/:Research;More news;
/news/:News;
/research/more-news/:Research;More news;
/news/:News;
/research/more-news/:Research;More news;
/research/:Research;
/research/magneto-optical-imaging/:Research;Magneto-optical imaging;
/research/more-news/:Research;More news;
/news/:News;
/research/more-news/:Research;More news;
/news/:News;
/research/more-news/:Research;More news;
/news/:News;
/research/more-news/:Research;More news;
/news/:News;
/research/more-news/:Research;More news;
/news/:News;
/research/more-news/:Research;More news;
/news/:News;
/research/more-news/:Research;More news;
/news/:News;
/research/more-news/:Research;More news;
/research/more-news/:Research;More news;
/research/more-news/:Research;More news;
/research/more-news/:Research;More news;
/education/masters-degree-projects-2007/:Education;Masters Degree Projects 2007;
/people/:People;
/research/people/:Research;People;
/education/masters-degree-projects-2007/:Education;Masters Degree Projects 2007;
/education/masters-degree-projects-2007/:Education;Masters Degree Projects 2007;
/education/masters-degree-projects-2007/:Education;Masters Degree Projects 2007;
/education/masters-degree-projects-2007/:Education;Masters Degree Projects 2007;
/education/masters-degree-projects-2007/:Education;Masters Degree Projects 2007;
/:
/products/other-talks/:Products;Other Talks;
/people/collaborators/:People;PGP collaborators
/research/people/:Research;People;
/products/papers/:Products;Publications in int. journals 2009
/research/publications-in-int-journals/:Research;Publications in int. journals;
/research/more-news/:Research;More news;
/research/more-news/:Research;More news;
/products/in-the-media/in-the-media-07/:Products;In the media;In the media 2007
/research/in-the-media/:Research;In the media;
/research/more-news/:Research;More news;
/people/tech-amp-adm-staff/:People;Technical and administrative staff
/research/people/:Research;People;
/research/more-news/:Research;More news;
/seminars-meetings/kongsberg-seminar-2011/:Seminars / Meetings;The Kongsberg Seminar 2011
/research/more-news/:Research;More news;
/research/more-news/:Research;More news;
/research/more-news/:Research;More news;
/research/more-news/:Research;More news;
/news/:News;
/research/people/:Research;People;
/research/more-news/:Research;More news;
/research/more-news/:Research;More news;
/news/:News;
/research/core-projects/geodynamics/global-tectonics/landscapes/:Research;Core Projects;Geodynamics;Global Tectonics;Force Balanced Paleo-Landscapes
/research/core-projects/geodynamics/global-tectonics/landscapes/:Research;Core Projects;Geodynamics;Global Tectonics;Force Balanced Paleo-Landscapes
/research/core-projects/geodynamics/global-tectonics/landscapes/:Research;Core Projects;Geodynamics;Global Tectonics;Force Balanced Paleo-Landscapes
/research/geodynamic/:Research;Geodynamic;
/research/geodynamic/:Research;Geodynamic;
/research/core-projects/geodynamics/global-tectonics/plate-motion/:Research;Core Projects;Geodynamics;Global Tectonics;Topography and Stresses of a Crumpled Sphere
/research/core-projects/geodynamics/global-tectonics/:Research;Core Projects;Geodynamics;Global Tectonics;
/research/core-projects/geodynamics/:Research;Core Projects;Geodynamics;
/research/geodynamic/:Research;Geodynamic;
/research/core-projects/geodynamics/sedimentary-basins/mpt/:Research;Core Projects;Geodynamics;Sedimentary Basins;Mineral Phase Transitions
/research/more-news/master-exams-for-kirsten-amp-helena/:Research;More news;Master exams for Kirsten & Helena
/news/master-exams-for-kirsten-amp-helena/:News;Master exams for Kirsten & Helena
/people/researchers/:People;Professors and part-time professors
/research/people/:Research;People;
/products/other-talks/:Products;Other Talks;
/products/invited-talks/invited-talks-06/:Products;Invited talks;Invited talks 2006
/research/core-projects/fluid-processes/:Research;Core Projects;Fluid Processes;
/research/fluid-processes/:Research;Fluid Processes;
/research/core-projects/fluid-processes/:Research;Core Projects;Fluid Processes;
/research/core-projects/fluid-processes/:Research;Core Projects;Fluid Processes;
/research/core-projects/fluid-processes/:Research;Core Projects;Fluid Processes;
/research/core-projects/fluid-processes/:Research;Core Projects;Fluid Processes;
/research/core-projects/fluid-processes/:Research;Core Projects;Fluid Processes;
/research/core-projects/fluid-processes/:Research;Core Projects;Fluid Processes;
/research/fluid-processes/:Research;Fluid Processes;
/research/fluid-processes/:Research;Fluid Processes;
/research/fluid-processes/:Research;Fluid Processes;
/research/fluid-processes/:Research;Fluid Processes;
/research/fluid-processes/:Research;Fluid Processes;
/research/fluid-processes/:Research;Fluid Processes;
/research/core-projects/fluid-processes/:Research;Core Projects;Fluid Processes;
/research/core-projects/fluid-processes/:Research;Core Projects;Fluid Processes;
/research/core-projects/fluid-processes/:Research;Core Projects;Fluid Processes;
/research/core-projects/fluid-processes/:Research;Core Projects;Fluid Processes;
/research/core-projects/fluid-processes/:Research;Core Projects;Fluid Processes;
/research/core-projects/fluid-processes/:Research;Core Projects;Fluid Processes;
/research/core-projects/fluid-processes/:Research;Core Projects;Fluid Processes;
/research/core-projects/fluid-processes/:Research;Core Projects;Fluid Processes;
/research/fluid-processes/:Research;Fluid Processes;
/research/fluid-processes/:Research;Fluid Processes;
/research/fluid-processes/:Research;Fluid Processes;
/research/fluid-processes/:Research;Fluid Processes;
/research/fluid-processes/:Research;Fluid Processes;
/research/fluid-processes/:Research;Fluid Processes;
/research/fluid-processes/:Research;Fluid Processes;
/research/fluid-processes/:Research;Fluid Processes;
/research/core-projects/fluid-processes/:Research;Core Projects;Fluid Processes;
/research/fluid-processes/:Research;Fluid Processes;
/people/management/:People;Management and coordinators
/research/people/:Research;People;
/research/core-projects/:Research;Core Projects;
/research/fluid-processes/:Research;Fluid Processes;
/products/in-the-media/in-the-media-06/:Products;In the media;In the media 2006
/research/in-the-media/:Research;In the media;
/research/more-news/:Research;More news;
/news/:News;
/research/core-projects/interface-processes/:Research;Core Projects;Interface Processes;
/research/core-projects/interface-processes/:Research;Core Projects;Interface Processes;
/research/core-projects/interface-processes/:Research;Core Projects;Interface Processes;
/research/interface-processes/:Research;Interface Processes;
/research/interface-processes/:Research;Interface Processes;
/research/interface-processes/:Research;Interface Processes;
/research/core-projects/interface-processes/:Research;Core Projects;Interface Processes;
/research/interface-processes/:Research;Interface Processes;
/research/core-projects/interface-processes/:Research;Core Projects;Interface Processes;
/research/core-projects/:Research;Core Projects;
/research/interface-processes/:Research;Interface Processes;
/research/faulting-friction/:Research;Faulting & friction;
/research/core-projects/localization-processes/role-of-fluids/:Research;Core Projects;Localization Processes;Role of Fluids on Deformation
/research/core-projects/localization-processes/role-of-fluids/:Research;Core Projects;Localization Processes;Role of Fluids on Deformation
/research/core-projects/localization-processes/role-of-fluids/:Research;Core Projects;Localization Processes;Role of Fluids on Deformation
/research/core-projects/localization-processes/role-of-fluids/:Research;Core Projects;Localization Processes;Role of Fluids on Deformation
/research/faulting-friction/:Research;Faulting & friction;
/research/faulting-friction/:Research;Faulting & friction;
/research/faulting-friction/:Research;Faulting & friction;
/research/core-projects/geodynamics/sedimentary-basins/:Research;Core Projects;Geodynamics;Sedimentary Basin Processes
/research/core-projects/geodynamics/sedimentary-basins/:Research;Core Projects;Geodynamics;Sedimentary Basin Processes
/research/core-projects/geodynamics/sedimentary-basins/:Research;Core Projects;Geodynamics;Sedimentary Basin Processes
/research/core-projects/geodynamics/sedimentary-basins/:Research;Core Projects;Geodynamics;Sedimentary Basin Processes
/research/core-projects/geodynamics/sedimentary-basins/:Research;Core Projects;Geodynamics;Sedimentary Basin Processes
/research/geodynamic/:Research;Geodynamic;
/research/geodynamic/:Research;Geodynamic;
/research/geodynamic/:Research;Geodynamic;
/research/geodynamic/:Research;Geodynamic;
/research/core-projects/:Research;Dynamics of Plate Margins
/research/geodynamic/:Research;Geodynamic;
/research/core-projects/microstructures/:Research;Core Projects;Microstructures;
/research/core-projects/microstructures/:Research;Core Projects;Microstructures;
/research/core-projects/microstructures/:Research;Core Projects;Microstructures;
/research/core-projects/microstructures/:Research;Core Projects;Microstructures;
/research/core-projects/microstructures/:Research;Core Projects;Microstructures;
/research/core-projects/microstructures/:Research;Core Projects;Microstructures;
/research/core-projects/microstructures/:Research;Core Projects;Microstructures;
/research/core-projects/microstructures/:Research;Core Projects;Microstructures;
/research/microstructures/:Research;Microstructures;
/research/microstructures/:Research;Microstructures;
/research/microstructures/:Research;Microstructures;
/research/microstructures/:Research;Microstructures;
/research/microstructures/:Research;Microstructures;
/research/microstructures/:Research;Microstructures;
/research/microstructures/:Research;Microstructures;
/research/microstructures/:Research;Microstructures;
/research/core-projects/microstructures/:Research;Core Projects;Microstructures;
/research/core-projects/microstructures/:Research;Core Projects;Microstructures;
/research/core-projects/microstructures/:Research;Core Projects;Microstructures;
/research/core-projects/microstructures/:Research;Core Projects;Microstructures;
/research/core-projects/microstructures/:Research;Core Projects;Microstructures;
/research/microstructures/:Research;Microstructures;
/research/microstructures/:Research;Microstructures;
/research/microstructures/:Research;Microstructures;
/research/microstructures/:Research;Microstructures;
/research/people/:Research;People;
/research/people/:Research;People;
/research/more-news/:Research;More news;
/research/more-news/:Research;More news;
/research/more-news/:Research;More news;
/news/:News;
/news/:News;
/research/core-projects/microstructures/:Research;Core Projects;Dynamics of Micro-Structures
/research/more-news/:Research;More news;
/news/:News;
/research/publications-in-int-journals/:Research;Publications in int. journals;
/research/people/:Research;People;
/products/pgp-art/geotrykk/:Products;PGP-ART;Geotrykk (Exhibition)
/research/in-the-media/:Research;In the media;
/research/people/:Research;People;
/research/people/:Research;People;
/research/people/:Research;People;
/education/pgp-former-students/:Education;PGP - Former students;
/research/people/:Research;People;
/research/people/:Research;People;
/research/people/:Research;People;
/research/more-news/:Research;More news;
/news/:News;
/seminars-meetings/:Seminars / Meetings;
/research/more-news/:Research;More news;
/news/:News;
/research/more-news/:Research;More news;
/news/:News;
/research/fluid-migration/:Research;Fluid Migration;
/people/:Galen Ross Gisler
/home/:Home;
/research/more-news/:Research;More news;
/news/:News;
/research/more-news/:Research;More news;
/news/:News;
/research/more-news/:Research;More news;
/news/:News;
/people/:Olivier Galland
/research/more-news/:Research;More news;
/research/more-news/:Research;More news;
/products/pgp-art/:Products;PGP-ART;
/research/people/:Research;People;
/research/more-news/:Research;More news;
/research/people/:Research;People;
/research/people/:Research;People;
/research/in-the-media/:Research;In the media;
/products/pgp-art/:Products;PGP-ART;
/research/in-the-media/:Research;In the media;
/products/:Products;
/research/more-news/:Research;More news;
/products/in-the-media/in-the-media-04/:Products;In the media;In the media 2004
/research/in-the-media/:Research;In the media;
/research/people/:Research;People;
/research/people/:Research;People;
/research/people/:Research;People;
/research/faulting-friction/:Research;Faulting & friction;
/research/conferences-seminars-arranged/:Research;Conferences & seminars arranged;
/seminars-meetings/kongsberg-seminar-2010/:Seminars / Meetings;Kongsberg seminar 2010;
/seminars-meetings/kongsberg-seminar-2010/about-the-konsberg-seminar/:Seminars / Meetings;Kongsberg seminar 2010;About the Kongsberg seminar
/research/more-news/:Research;More news;
/research/conferences-seminars-arranged/:Research;Conferences & seminars arranged;
/research/conferences-seminars-arranged/:Research;Conferences & seminars arranged;
/products/other-talks/:Products;Other Talks;
/products/other-talks/:Products;Other Talks;
/products/invited-talks/invited-talks-04/:Products;Invited talks;Invited talks 2004
/products/invited-talks/invited-talks-03/:Products;Invited talks;Invited talks 2003
/products/papers/papers-04/:Products;Papers;Publications in int. journals 2004
/research/publications-in-int-journals/:Research;Publications in int. journals;
/:
/methods/theory/:Methods;Theory;
/methods/theory/:Methods;Theory;
/research/more-news/:Research;More news;
/research/more-news/:Research;More news;
/research/conferences-seminars-arranged/:Research;Conferences & seminars arranged;
/seminars-meetings/:Invited talks at PGP
/research/conferences-seminars-arranged/:Research;Conferences & seminars arranged;
/products/other-talks/:Products;Other Talks;
/products/invited-talks/invited-talks-05/:Products;Invited talks;Invited talks 2005
/products/in-the-media/in-the-media-05/:Products;In the media;In the media 2005
/research/in-the-media/:Research;In the media;
/research/publications-in-int-journals/:Research;Publications in int. journals;
/products/papers/papers-06/:Products;Papers;Publications in int. journals 2006
/research/external-founded-projects/:Research;External founded projects;
/research/:Research;
/research/biogeologyastrobiology/:Research;Biogeology/Astrobiology;
/research/external-projects/:Research;External projects;
/research/core-projects/localization-processes/:Research;Core Projects;Localization Processes;
/research/core-projects/localization-processes/:Research;Core Projects;Localization Processes;
/research/core-projects/localization-processes/:Research;Core Projects;Localization Processes;
/research/core-projects/localization-processes/:Research;Core Projects;Localization Processes;
/research/faulting-friction/:Research;Faulting & friction;
/research/faulting-friction/:Research;Faulting & friction;
/research/faulting-friction/:Research;Faulting & friction;
/research/core-projects/localization-processes/frictional-heating/:Research;Core Projects;Localization Processes;Frictional Heating on Faults
/research/core-projects/localization-processes/frictional-heating/:Research;Core Projects;Localization Processes;Frictional Heating on Faults
/research/core-projects/localization-processes/frictional-heating/:Research;Core Projects;Localization Processes;Frictional Heating on Faults
/research/core-projects/localization-processes/frictional-heating/:Research;Core Projects;Localization Processes;Frictional Heating on Faults
/research/core-projects/localization-processes/frictional-heating/:Research;Core Projects;Localization Processes;Frictional Heating on Faults
/research/core-projects/localization-processes/frictional-heating/:Research;Core Projects;Localization Processes;Frictional Heating on Faults
/research/faulting-friction/:Research;Faulting & friction;
/research/faulting-friction/:Research;Faulting & friction;
/research/faulting-friction/:Research;Faulting & friction;
/research/faulting-friction/:Research;Faulting & friction;
/research/faulting-friction/:Research;Faulting & friction;
/research/surface-processes/:Research;Surface processes;
/research/core-projects/interface-processes/:Research;Core Projects;Interface Processes;
/research/core-projects/localization-processes/:Research;Core Projects;Localization Processes;
/research/core-projects/localization-processes/:Research;Core Projects;Localization Processes;
/research/core-projects/localization-processes/:Research;Core Projects;Localization Processes;
/research/core-projects/localization-processes/:Research;Core Projects;Localization Processes;
/research/faulting-friction/:Research;Faulting & friction;
/research/faulting-friction/:Research;Faulting & friction;
/research/faulting-friction/:Research;Faulting & friction;
/research/faulting-friction/faulting-amp-friction/:Research;Faulting & friction;Faulting & friction
/research/fluid-migration/:Research;Fluid Migration;
/home/about-pgp/:Home;About PGP - Physics of Geological processes - Geologiske prosessers fysikk
/research/people/:Research;People;
/people/:People;
/research/people/:Research;People;
/home/:Home;
/research/people/:Research;People;
/research/people/:Research;People;
/research/people/:Research;People;
/research/people/:Research;People;
/research/people/:Research;People;
/research/people/:Research;People;
/research/people/:Research;People;
/research/people/:Research;People;
/people/:Ebbe Hvidegård Hartz
/research/people/:Research;People;
/research/people/:Research;People;
/research/people/:Research;People;
/research/people/:Research;People;
/research/people/:Research;People;
/research/people/:Research;People;
/research/people/:Research;People;
/news/:GeoMod2010
/news/:PGP Workshop on Plastic Deformation
/news/:James Connolly Workshop
/news/:Earthquakes, fluids and metamorphism at EGU 2009
/news/:PhD dissertation, Karen E. Webb
/news/:PGP at EGU 2006 in Vienna
/news/:Kristin Myhra`s Master defence
