/education/guest-students/:Education;Guest student?
/education/masters-degree-projects-2007/fluid-processes-masters-degree-projects/:Education;Masters Degree Projects 2007;Fluid Processes - Masters Degree Projects
/education/masters-degree-projects-2007/geodynamics-masters-degree-projects/:Education;Masters Degree Projects 2007;Geodynamics - Masters Degree Projects
/education/masters-degree-projects-2007/interface-processes-masters-degree-projects/:Education;Masters Degree Projects 2007;Interface Processes - Masters Degree Projects
/education/masters-degree-projects-2007/localization-processes-masters-degree-projects/:Education;Masters Degree Projects 2007;Localization Processes - Masters Degree Projects
/education/masters-degree-projects-2007/master-degree-projects-offered-201011/:Education;Masters Degree Projects 2007;Master degree projects offered 2010/11
/education/masters-degree-projects-2007/masters-degree-projects-2008/:Education;Masters Degree Projects 2007;Masters Degree Projects 2008
/education/masters-degree-projects-2007/microstructures-masters-degree-projects/:Education;Masters Degree Projects 2007;Microstructures - Masters Degree Projects
/education/pgp-courses/guest-student/:Education;PGP - Courses;Guest student?
/education/pgp-courses/pgp-teaching-20082009/:Education;PGP - Courses;PGP teaching 2008/2009
/education/pgp-former-students/recent-master-projects-at-pgp/:Education;PGP - Former students;Recent Master projects at PGP
/education/pgp-master-board/:Education;Referater fra Masterprogramrådet til PGP
/education/pgp-master/:Education;Master in Earth Sciences at a Centre of Excellence, University of Oslo, Norway?
/education/pgp-master/education/:Education;PGP - Master;Education
/education/pgp-master/master-degree-projects-offered-2008-2009/:Education;PGP - Master;Master degree projects offered 2008-2009
/education/pgp-master/master-in-earth-sciences-at-a-centre-of-excellence-university-of-oslo-norway/:Education;PGP - Master;Master in Earth Sciences at a Centre of Excellence, University of Oslo, Norway?
/education/pgp-master/referater-fra-masterprogramradet-til-pgp/:Education;PGP - Master;Referater fra Masterprogramrådet til PGP
/education/pgp-phd/phd-research-training-school/:Education;PGP - PhD;PhD Research Training School
/home/about-pgp/:Home;About PGP - Physics of Geological processes - Geologiske prosessers fysikk
/home/annual-reports/:Home;Annual Reports
/home/contact-pgp/:Home;Contact PGP
/home/organization/:Home;Organization and fundings
/methods/computer-modelling/algorithmic-models/:Methods;Computer Modelling;Algorithmic Models
/methods/computer-modelling/algorithmic-models/:Methods;Computer Modelling;Algorithmic Models
/methods/computer-modelling/continuum-modeling/:Methods;Computer Modelling;Continuum Modeling
/methods/computer-modelling/continuum-modeling/:Methods;Computer Modelling;Continuum Modeling
/methods/computer-modelling/discrete-elastic-models/:Methods;Computer Modelling;Discrete Elastic Models
/methods/computer-modelling/discrete-elastic-models/:Methods;Computer Modelling;Discrete Elastic Models
/methods/fieldwork/geo-patterns/:Methods;Fieldwork;Geo-patterns
/methods/fieldwork/karoo/:Methods;Fieldwork;Karoo
/methods/fieldwork/spitsbergengreenland/:Methods;Fieldwork;Spitsbergen/Greenland
/methods/fieldwork/volcanic-islands/:Methods;Fieldwork;Volcanic Islands
/methods/fieldwork/volcanic-islands/:Methods;Fieldwork;Volcanic Islands
/methods/theory/compaction-experiments/:Methods;Theory;Compaction Experiments
/methods/theory/compaction-experiments/:Methods;Theory;Compaction Experiments
/methods/theory/laboratories/:Methods;Theory;Laboratories
/methods/theory/laboratories/:Methods;Theory;Laboratories
/methods/theory/plastic-deformation-and-friction/:Methods;Theory;Plastic deformation and friction
/methods/theory/plastic-deformation-and-friction/:Methods;Theory;Plastic deformation and friction
/methods/theory/plastic-deformation-and-friction/:Methods;Theory;Plastic deformation and friction
/methods/theory/pressure-solution-creep-experiments/:Methods;Theory;Pressure solution creep experiments
/methods/theory/pressure-solution-creep-experiments/:Methods;Theory;Pressure solution creep experiments
/methods/theory/pressure-solution-creep-experiments/:Methods;Theory;Pressure solution creep experiments
/multimedia/:Multimedia
/news/amase-press-release/:News;AMASE Press Release
/news/application-deadline-for-the-master-programme/:News;Application deadline for the Master programme
/news/award-to-francois-renard/:News;Award to Francois Renard
/news/board-meeting-2007/:News;Board Meeting 2007
/news/christophe-galerne/:News;Christophe Galerne
/news/congratulations-master-students/:News;Congratulations, Master students!
/news/final-master-examination-bodil-oust/:News;Final Master examination, Bodil Oust
/news/geoprints-exhibition-in-iceland/:News;GEOPRINTS exhibition in Iceland
/news/global-warming-and-mass-extinctions/:News;Global warming and mass extinctions
/news/haakon-austrheim-recieves-humboldt-preis/:News;Haakon Austrheim recieves Humboldt Preis
/news/hans-amundsen-on-breakfast-tv/:News;Hans Amundsen on Breakfast TV
/news/henrik-svensen-receives-yff-grant/:News;Henrik Svensen receives YFF grant
/news/honour-to-pgp-professor-trond-h-torsvik/:News;Honour to PGP-Professor Trond H. Torsvik
/news/info-meeting-for-master-students/:News;Info meeting for Master students
/news/info-meeting-for-new-master-students/:News;Info meeting for new master students
/news/jon-blundy/:News;Jon Blundy
/news/kings-gold-medal-to-luiza-angheluta/:News;King`s gold medal to Luiza Angheluta
/news/kongsberg-seminar-2006/:News;Kongsberg Seminar 2006
/news/margin-workshop-programme/:News;Margin Workshop Programme
/news/master-exams-for-kirsten-amp-helena/:News;Master exams for Kirsten & Helena
/news/new-adjunct-professor-at-pgp/:News;New adjunct professor at PGP
/news/new-admin-leader/:News;New Admin Leader
/news/numerical-modelling-in-earh-science/:News;Numerical Modelling in Earh Science
/news/outstanding-poster-to-olli/:News;Outstanding Poster to Olli
/news/pgp-article-award/:News;PGP article award
/news/pgp-at-agu-2007/:News;PGP at AGU 2007
/news/pgp-at-east-java-mud-volcano/:News;PGP at East Java mud volcano
/news/pgp-at-east-java-mud-volcano/:News;PGP at East Java mud volcano
/news/pgp-at-egu/:News;PGP at EGU
/news/pgp-in-the-news/:News;PGP in the news
/news/pgp-in-the-news/:News;PGP in the news
/news/pgp-on-radio/:News;PGP on Radio
/news/pgp-on-radio/:News;PGP on Radio
/news/pgp-on-the-radio/:News;PGP on the radio
/news/pgp-on-the-radio/:News;PGP on the radio
/news/pgp-on-tv/:News;PGP on TV
/news/pgp-workshop-on-serpentinization/:News;PGP Workshop on Serpentinization
/news/pgp-workshop-on-the-norwegian-margin/:News;PGP workshop on the Norwegian Margin
/news/phd-dissertation-hans-vrijmoed/:News;PhD dissertation, Hans Vrijmoed
/news/poster-award-to-olli/:News;Poster award to Olli
/news/poster-awards/:News;Poster awards
/news/products-2009/:News;Products 2009
/news/seminar-on-modelling-techniques/:News;Seminar on Modelling techniques
/news/seminar-on-stressed-surfaces/:News;Seminar on stressed surfaces
/news/the-23rd-kongsberg-seminar/:News;The 23rd Kongsberg seminar
/news/the-6th-topo-europe-workshop/:News;The 6th Topo-Europe workshop
/news/the-vista-day-2009/:News;The VISTA day 2009
/news/trond-torsvik-to-cas/:News;Trond Torsvik to CAS
/news/ungforsk-at-pgp/:News;UNGFORSK at PGP
/news/upcoming-masters-exams/:News;Upcoming Master's Exams
/news/vacant-positions/:News;Vacant positions
/news/vacant-postdoc-position-at-pgp/:News;Vacant Postdoc position at PGP
/news/workshop-in-thermodynamics/:News;Workshop in thermodynamics
/people/:Andreas Hafver
/people/:Galen Ross Gisler
/people/:Olivier Galland
/people/:People
/people/board/:People;Board
/people/collaborators/:People;PGP collaborators
/people/management/:People;Management and coordinators
/people/phd-students/:People;Ole Ivar Ulven
/people/postdocs/:People;Postdocs
/people/researchers/:People;Professors and part-time professors
/people/tech-amp-adm-staff/:People;Technical and administrative staff
/people/visitors/:People;Visitors
/products/:Products
/products/books-amp-proceedings/:Products;Books & proceedings 2009
/products/books-proceedings/books-amp-proceedings-11/:Products;Books & proceedings;Books & proceedings 11
/products/books-proceedings/books-proceedings07/:Products;Books & proceedings;In books & proceedings 2007
/products/in-the-media/in-the-media-04/:Products;In the media;In the media 2004
/products/in-the-media/in-the-media-05/:Products;In the media;In the media 2005
/products/in-the-media/in-the-media-06/:Products;In the media;In the media 2006
/products/in-the-media/in-the-media-07/:Products;In the media;In the media 2007
/products/in-the-media/in-the-media-11/:Products;In the media;In the media 11
/products/invited-talks/:Products;Invited talks 2009
/products/invited-talks/invited-talks-03/:Products;Invited talks;Invited talks 2003
/products/invited-talks/invited-talks-04/:Products;Invited talks;Invited talks 2004
/products/invited-talks/invited-talks-05/:Products;Invited talks;Invited talks 2005
/products/invited-talks/invited-talks-06/:Products;Invited talks;Invited talks 2006
/products/invited-talks/invited-talks-08/:Products;Invited talks;Invited talks 2008
/products/other-talks/:Products;Other talks 2009
/products/other-talks/other-talks-2003/:Products;Other Talks;Other talks 2003
/products/other-talks/other-talks-2004/:Products;Other Talks;Other talks 2004
/products/other-talks/other-talks-2005/:Products;Other Talks;Other talks 2005
/products/other-talks/other-talks-2006/:Products;Other Talks;Other talks 2006
/products/other-talks/other-talks-2007/:Products;Other Talks;Other talks 2007
/products/other-talks/other-talks-2008/:Products;Other Talks;Other talks 2008
/products/other-talks/other-talks-2010/:Products;Other Talks;Other talks 2010
/products/other-talks/other-talks-2011/:Products;Other Talks;Other talks 11
/products/papers/:Products;Publications in int. journals 2009
/products/papers/papers-04/:Products;Papers;Publications in int. journals 2004
/products/papers/papers-06/:Products;Papers;Publications in int. journals 2006
/products/papers/papers-07/:Products;Papers;Publications in int. journals 2007
/products/pgp-art/80o/:Products;PGP-ART;80º
/products/pgp-art/:Products;PGP-ART
/products/pgp-art/geotrykk/:Products;PGP-ART;Geotrykk (Exhibition)
/products/pgp-art/interactive-sound-art-installation/:Products;PGP-ART;interactive sound-art installation
/products/pgp-art/stein-sokes/:Products;PGP-ART;Stein sokes
/products/talks-posters/talks-amp-posters-11/:Products;Talks & Posters;Talks & posters 11
/relevance/:Relevance
/research/biogeologyastrobiology/astrobiology-amase/:Research;Biogeology/Astrobiology;Astrobiology - AMASE
/research/conferences-seminars-arranged/global-warming-and-mass-extinctions/:Research;Conferences & seminars arranged;Global warming and mass extinctions
/research/conferences-seminars-arranged/international-conferences-arranged-2003/:Research;Conferences & seminars arranged;International conferences arranged 2003
/research/conferences-seminars-arranged/international-conferences-arranged-2004/:Research;Conferences & seminars arranged;International conferences arranged 2004
/research/conferences-seminars-arranged/international-conferences-arranged-2005/:Research;Conferences & seminars arranged;International conferences arranged 2005
/research/conferences-seminars-arranged/invited-talks-at-pgp/:Research;Conferences & seminars arranged;Invited talks at PGP
/research/conferences-seminars-arranged/seminar-with-visitors-from-idaho-national-laboratory/:Research;Conferences & seminars arranged;Seminar with visitors from Idaho National Laboratory
/research/conferences-seminars-arranged/workshop-on-damage-to-target-rocks-during-impact-cratering/:Research;Conferences & seminars arranged;Workshop on damage to target rocks during impact cratering
/research/conferences-seminars-arranged/workshops-and-special-sessions-arranged-by-pgp/:Research;Conferences & seminars arranged;Workshops and special sessions arranged by PGP
/research/core-projects/:Research;Dynamics of Plate Margins
/research/core-projects/fluid-processes/:Research;Core Projects;Fluid Processes
/research/core-projects/fluid-processes/fluid-transport-and-deformation/:Research;Core Projects;Fluid Processes;Fluid Transport and Deformation
/research/core-projects/fluid-processes/fluidized-systems/:Research;Core Projects;Fluid Processes;Fluidized Systems
/research/core-projects/fluid-processes/vents-and-fluid-expulsion/:Research;Core Projects;Fluid Processes;Vents and Fluid Expulsion
/research/core-projects/fluid-processes/vents-and-fluid-expulsion/:Research;Core Projects;Fluid Processes;Vents and Fluid Expulsion
/research/core-projects/fluid-processes/vents-and-fluid-expulsion/:Research;Core Projects;Fluid Processes;Vents and Fluid Expulsion
/research/core-projects/fluid-processes/vents-and-fluid-expulsion/:Research;Core Projects;Fluid Processes;Vents and Fluid Expulsion
/research/core-projects/fluid-processes/vents-and-fluid-expulsion/:Research;Core Projects;Fluid Processes;Vents and Fluid Expulsion
/research/core-projects/fluid-processes/vents-and-fluid-expulsion/:Research;Core Projects;Fluid Processes;Vents and Fluid Expulsion
/research/core-projects/fluid-processes/vents-and-fluid-expulsion/:Research;Core Projects;Fluid Processes;Vents and Fluid Expulsion
/research/core-projects/fluid-processes/vents-and-fluid-expulsion/:Research;Core Projects;Fluid Processes;Vents and Fluid Expulsion
/research/core-projects/fluid-processes/violent-processes/:Research;Core Projects;Fluid Processes;Violent Processes
/research/core-projects/fluid-processes/violent-processes/:Research;Core Projects;Fluid Processes;Violent Processes
/research/core-projects/fluid-processes/violent-processes/:Research;Core Projects;Fluid Processes;Violent Processes
/research/core-projects/fluid-processes/violent-processes/:Research;Core Projects;Fluid Processes;Violent Processes
/research/core-projects/fluid-processes/violent-processes/:Research;Core Projects;Fluid Processes;Violent Processes
/research/core-projects/fluid-processes/violent-processes/:Research;Core Projects;Fluid Processes;Violent Processes
/research/core-projects/geodynamics/global-tectonics/:Research;Core Projects;Geodynamics;Global Tectonics
/research/core-projects/geodynamics/global-tectonics/craton-stability/:Research;Core Projects;Geodynamics;Global Tectonics;Craton Stability
/research/core-projects/geodynamics/global-tectonics/landscapes/:Research;Core Projects;Geodynamics;Global Tectonics;Force Balanced Paleo-Landscapes
/research/core-projects/geodynamics/global-tectonics/landscapes/:Research;Core Projects;Geodynamics;Global Tectonics;Force Balanced Paleo-Landscapes
/research/core-projects/geodynamics/global-tectonics/landscapes/:Research;Core Projects;Geodynamics;Global Tectonics;Force Balanced Paleo-Landscapes
/research/core-projects/geodynamics/global-tectonics/plate-motion/:Research;Core Projects;Geodynamics;Global Tectonics;Topography and Stresses of a Crumpled Sphere
/research/core-projects/geodynamics/sedimentary-basins/:Research;Core Projects;Geodynamics;Sedimentary Basin Processes
/research/core-projects/geodynamics/sedimentary-basins/:Research;Core Projects;Geodynamics;Sedimentary Basin Processes
/research/core-projects/geodynamics/sedimentary-basins/:Research;Core Projects;Geodynamics;Sedimentary Basin Processes
/research/core-projects/geodynamics/sedimentary-basins/:Research;Core Projects;Geodynamics;Sedimentary Basin Processes
/research/core-projects/geodynamics/sedimentary-basins/:Research;Core Projects;Geodynamics;Sedimentary Basin Processes
/research/core-projects/geodynamics/sedimentary-basins/mpt/:Research;Core Projects;Geodynamics;Sedimentary Basins;Mineral Phase Transitions
/research/core-projects/interface-processes/:Research;Core Projects;Interface Processes
/research/core-projects/interface-processes/hybrid-models/:Research;Core Projects;Interface Processes;Hybrid Models
/research/core-projects/interface-processes/interfacial-forces/:Research;Core Projects;Interface Processes;Interfacial Forces
/research/core-projects/interface-processes/rough-surfaces/:Research;Core Projects;Interface Processes;Rough surfaces
/research/core-projects/interface-processes/weathering-and-reactive-transport/:Research;Core Projects;Interface Processes;Weathering and Reactive Transport
/research/core-projects/interface-processes/weathering-and-reactive-transport/:Research;Core Projects;Interface Processes;Weathering and Reactive Transport
/research/core-projects/interface-processes/weathering-and-reactive-transport/:Research;Core Projects;Interface Processes;Weathering and Reactive Transport
/research/core-projects/localization-processes/compaction/:Research;Core Projects;Localization Processes;Compaction
/research/core-projects/localization-processes/compaction/:Research;Core Projects;Localization Processes;Compaction
/research/core-projects/localization-processes/compaction/:Research;Core Projects;Localization Processes;Compaction
/research/core-projects/localization-processes/compaction/:Research;Core Projects;Localization Processes;Compaction
/research/core-projects/localization-processes/fault-gouge-dynamics/:Research;Core Projects;Localization Processes;Fault Gouge Dynamics
/research/core-projects/localization-processes/fault-gouge-dynamics/:Research;Core Projects;Localization Processes;Fault Gouge Dynamics
/research/core-projects/localization-processes/fault-gouge-dynamics/:Research;Core Projects;Localization Processes;Fault Gouge Dynamics
/research/core-projects/localization-processes/fault-gouge-dynamics/:Research;Core Projects;Localization Processes;Fault Gouge Dynamics
/research/core-projects/localization-processes/frictional-heating/:Research;Core Projects;Localization Processes;Frictional Heating on Faults
/research/core-projects/localization-processes/frictional-heating/:Research;Core Projects;Localization Processes;Frictional Heating on Faults
/research/core-projects/localization-processes/frictional-heating/:Research;Core Projects;Localization Processes;Frictional Heating on Faults
/research/core-projects/localization-processes/frictional-heating/:Research;Core Projects;Localization Processes;Frictional Heating on Faults
/research/core-projects/localization-processes/frictional-heating/:Research;Core Projects;Localization Processes;Frictional Heating on Faults
/research/core-projects/localization-processes/frictional-heating/:Research;Core Projects;Localization Processes;Frictional Heating on Faults
/research/core-projects/localization-processes/role-of-fluids/:Research;Core Projects;Localization Processes;Role of Fluids on Deformation
/research/core-projects/localization-processes/role-of-fluids/:Research;Core Projects;Localization Processes;Role of Fluids on Deformation
/research/core-projects/localization-processes/role-of-fluids/:Research;Core Projects;Localization Processes;Role of Fluids on Deformation
/research/core-projects/localization-processes/role-of-fluids/:Research;Core Projects;Localization Processes;Role of Fluids on Deformation
/research/core-projects/microstructures/:Research;Core Projects;Dynamics of Micro-Structures
/research/core-projects/microstructures/material-properties/:Research;Core Projects;Microstructures;Material Properties
/research/core-projects/microstructures/material-properties/:Research;Core Projects;Microstructures;Material Properties
/research/core-projects/microstructures/material-properties/:Research;Core Projects;Microstructures;Material Properties
/research/core-projects/microstructures/material-properties/:Research;Core Projects;Microstructures;Material Properties
/research/core-projects/microstructures/material-properties/:Research;Core Projects;Microstructures;Material Properties
/research/core-projects/microstructures/material-properties/:Research;Core Projects;Microstructures;Material Properties
/research/core-projects/microstructures/material-properties/:Research;Core Projects;Microstructures;Material Properties
/research/core-projects/microstructures/material-properties/:Research;Core Projects;Microstructures;Material Properties
/research/core-projects/microstructures/mineral-exsolution/:Research;Core Projects;Microstructures;Mineral Exsolution
/research/core-projects/microstructures/mineral-exsolution/:Research;Core Projects;Microstructures;Mineral Exsolution
/research/core-projects/microstructures/mineral-exsolution/:Research;Core Projects;Microstructures;Mineral Exsolution
/research/core-projects/microstructures/mineral-exsolution/:Research;Core Projects;Microstructures;Mineral Exsolution
/research/core-projects/microstructures/mineral-exsolution/:Research;Core Projects;Microstructures;Mineral Exsolution
/research/external-founded-projects/external-projects/:Research;External founded projects;External projects
/research/external-projects/:Research;External projects
/research/external-projects/astrobiology-amase/:Research;External projects;Astrobiology - AMASE
/research/faulting-friction/compaction/:Research;Faulting & friction;Compaction
/research/faulting-friction/compaction/:Research;Faulting & friction;Compaction
/research/faulting-friction/compaction/:Research;Faulting & friction;Compaction
/research/faulting-friction/fault-gouge-dynamics/:Research;Faulting & friction;Fault Gouge Dynamics
/research/faulting-friction/fault-gouge-dynamics/:Research;Faulting & friction;Fault Gouge Dynamics
/research/faulting-friction/fault-gouge-dynamics/:Research;Faulting & friction;Fault Gouge Dynamics
/research/faulting-friction/faulting-amp-friction/:Research;Faulting & friction;Faulting & friction
/research/faulting-friction/frictional-heating-on-faults/:Research;Faulting & friction;Frictional Heating on Faults
/research/faulting-friction/frictional-heating-on-faults/:Research;Faulting & friction;Frictional Heating on Faults
/research/faulting-friction/frictional-heating-on-faults/:Research;Faulting & friction;Frictional Heating on Faults
/research/faulting-friction/frictional-heating-on-faults/:Research;Faulting & friction;Frictional Heating on Faults
/research/faulting-friction/frictional-heating-on-faults/:Research;Faulting & friction;Frictional Heating on Faults
/research/faulting-friction/localization-processes-in-the-earth/:Research;Faulting & friction;Localization Processes in the Earth
/research/faulting-friction/role-of-fluids-on-deformation/:Research;Faulting & friction;Role of Fluids on Deformation
/research/faulting-friction/role-of-fluids-on-deformation/:Research;Faulting & friction;Role of Fluids on Deformation
/research/faulting-friction/role-of-fluids-on-deformation/:Research;Faulting & friction;Role of Fluids on Deformation
/research/faulting-friction/shear-zones/:Research;Faulting & friction;Shear Zones
/research/field-work/:Research;Field work 2008
/research/fluid-migration/fracturing-assisted-fluid-migration/:Research;Fluid Migration;Fracturing assisted fluid migration
/research/fluid-migration/hydrothermal-venting/:Research;Fluid Migration;Hydrothermal venting
/research/fluid-processes/fluid-processes/:Research;Fluid Processes;Fluid Processes
/research/fluid-processes/fluid-transport-and-deformation/:Research;Fluid Processes;Fluid Transport and Deformation
/research/fluid-processes/fluidized-systems/:Research;Fluid Processes;Fluidized Systems
/research/fluid-processes/vents-and-fluid-expulsion/:Research;Fluid Processes;Vents and Fluid Expulsion
/research/fluid-processes/vents-and-fluid-expulsion/:Research;Fluid Processes;Vents and Fluid Expulsion
/research/fluid-processes/vents-and-fluid-expulsion/:Research;Fluid Processes;Vents and Fluid Expulsion
/research/fluid-processes/vents-and-fluid-expulsion/:Research;Fluid Processes;Vents and Fluid Expulsion
/research/fluid-processes/vents-and-fluid-expulsion/:Research;Fluid Processes;Vents and Fluid Expulsion
/research/fluid-processes/vents-and-fluid-expulsion/:Research;Fluid Processes;Vents and Fluid Expulsion
/research/fluid-processes/vents-and-fluid-expulsion/:Research;Fluid Processes;Vents and Fluid Expulsion
/research/fluid-processes/vents-and-fluid-expulsion/:Research;Fluid Processes;Vents and Fluid Expulsion
/research/fluid-processes/violent-processes/:Research;Fluid Processes;Violent Processes
/research/fluid-processes/violent-processes/:Research;Fluid Processes;Violent Processes
/research/fluid-processes/violent-processes/:Research;Fluid Processes;Violent Processes
/research/fluid-processes/violent-processes/:Research;Fluid Processes;Violent Processes
/research/fluid-processes/violent-processes/:Research;Fluid Processes;Violent Processes
/research/fluid-processes/violent-processes/:Research;Fluid Processes;Violent Processes
/research/geodynamic/dynamics-of-plate-margins/:Research;Geodynamic;Dynamics of Plate Margins
/research/geodynamic/force-balanced-paleo-landscapes/:Research;Geodynamic;Force Balanced Paleo-Landscapes
/research/geodynamic/force-balanced-paleo-landscapes/:Research;Geodynamic;Force Balanced Paleo-Landscapes
/research/geodynamic/global-tectonics/:Research;Geodynamic;Global Tectonics
/research/geodynamic/sedimentary-basin-processes/:Research;Geodynamic;Sedimentary Basin Processes
/research/geodynamic/sedimentary-basin-processes/:Research;Geodynamic;Sedimentary Basin Processes
/research/geodynamic/sedimentary-basin-processes/:Research;Geodynamic;Sedimentary Basin Processes
/research/geodynamic/sedimentary-basin-processes/:Research;Geodynamic;Sedimentary Basin Processes
/research/how-to-find-us/prizes-and-awards/:Research;How to find us;Prizes and awards
/research/in-the-media/80o/:Research;In the media;80º
/research/in-the-media/award-to-olivier-galland/:Research;In the media;Award to Olivier Galland
/research/in-the-media/book-and-tv-program-from-greenland/:Research;In the media;Book and TV program from Greenland
/research/in-the-media/crush-an-interactive-sound-art-installation/:Research;In the media;CRUSH - an interactive sound-art installation
/research/in-the-media/eocene-global-warming/:Research;In the media;Eocene global warming
/research/in-the-media/exaggregated-fear-for-the-lapalma-tsunami/:Research;In the media;Exaggregated fear for the LaPalma tsunami
/research/in-the-media/forskningsdagene-2008/:Research;In the media;Forskningsdagene 2008
/research/in-the-media/geotrykk-exhibition/:Research;In the media;Geotrykk (Exhibition)
/research/in-the-media/impact-outside-geophysics-litterature/:Research;In the media;Impact outside geo/physics litterature
/research/in-the-media/in-the-media-2004/:Research;In the media;In the media 2004
/research/in-the-media/in-the-media-2005/:Research;In the media;In the media 2005
/research/in-the-media/in-the-media-2006/:Research;In the media;In the media 2006
/research/in-the-media/in-the-media-2007/:Research;In the media;In the media 2007
/research/in-the-media/in-the-media-2008/:Research;In the media;In the media 2008
/research/in-the-media/media-coverage-after-pnas-article/:Research;In the media;Media coverage after PNAS article
/research/in-the-media/new-articles-from-pgp/:Research;In the media;New articles from PGP
/research/in-the-media/new-paper-in-geology/:Research;In the media;New paper in Geology
/research/in-the-media/nordic-winter-meeting/:Research;In the media;Nordic Winter meeting
/research/in-the-media/oliviers-paper-on-the-cover-page-of-eos/:Research;In the media;Olivier`s paper on the cover page of EOS
/research/in-the-media/paper-in-pnas/:Research;In the media;Paper in PNAS
/research/in-the-media/papers-in-nature-geoscience/:Research;In the media;Papers in Nature Geoscience
/research/in-the-media/pgp-art/:Research;In the media;PGP-ART
/research/in-the-media/pgp-poster-award/:Research;In the media;PGP poster award
/research/in-the-media/pgpan-in-science-this-month/:Research;In the media;PGP'an in Science this month!
/research/in-the-media/phd-defence-marcin-krotkiewski/:Research;In the media;PhD defence, Marcin Krotkiewski
/research/in-the-media/popular-articles-featuring-talks-at-the-2011-kongsberg-seminar/:Research;In the media;Popular articles featuring talks at the 2011 Kongsberg seminar
/research/in-the-media/popular-download-from-agu-tectonics/:Research;In the media;Popular download from AGU-Tectonics
/research/in-the-media/simon-devilliers-phd-defence/:Research;In the media;Simon deVilliers` PhD defence
/research/in-the-media/the-andean-geotrail-blog/:Research;In the media;The Andean Geotrail blog
/research/in-the-media/the-earthquake-by-samoa/:Research;In the media;The earthquake by Samoa
/research/in-the-media/torsvik-with-paper-in-nature/:Research;In the media;Torsvik with paper in Nature
/research/in-the-media/ungforsk-2010/:Research;In the media;Ungforsk 2010
/research/in-the-media/ungforsk-23-and-24-september-2008/:Research;In the media;Ungforsk 23 and 24 September 2008
/research/interface-processes/interface-processes/:Research;Interface Processes;Interface Processes
/research/interface-processes/interfacial-forces/:Research;Interface Processes;Interfacial Forces
/research/interface-processes/weathering-and-reactive-transport/:Research;Interface Processes;Weathering and Reactive Transport
/research/interface-processes/weathering-and-reactive-transport/:Research;Interface Processes;Weathering and Reactive Transport
/research/interface-processes/weathering-and-reactive-transport/:Research;Interface Processes;Weathering and Reactive Transport
/research/magneto-optical-imaging/:Research;Magneto-optical imaging
/research/magneto-optical-imaging/magneto-optical-imaging/:Research;Magneto-optical imaging;Magneto-optical imaging
/research/microstructures/material-properties/:Research;Microstructures;Material Properties
/research/microstructures/material-properties/:Research;Microstructures;Material Properties
/research/microstructures/material-properties/:Research;Microstructures;Material Properties
/research/microstructures/material-properties/:Research;Microstructures;Material Properties
/research/microstructures/material-properties/:Research;Microstructures;Material Properties
/research/microstructures/material-properties/:Research;Microstructures;Material Properties
/research/microstructures/material-properties/:Research;Microstructures;Material Properties
/research/microstructures/material-properties/:Research;Microstructures;Material Properties
/research/microstructures/mineral-exsolution/:Research;Microstructures;Mineral Exsolution
/research/microstructures/mineral-exsolution/:Research;Microstructures;Mineral Exsolution
/research/microstructures/mineral-exsolution/:Research;Microstructures;Mineral Exsolution
/research/microstructures/mineral-exsolution/:Research;Microstructures;Mineral Exsolution
/research/more-news/advanced-grant-to-trond-h-torsvik/:Research;More news;Advanced grant to Trond H. Torsvik
/research/more-news/alexanders-defence/:Research;More news;Alexanders defence
/research/more-news/amase-press-release/:Research;More news;AMASE Press Release
/research/more-news/anders-nermoens-phd-defence/:Research;More news;Anders Nermoen`s PhD defence
/research/more-news/andre-dumont-medal-to-t-h-torsvik/:Research;More news;André Dumont Medal to T.H. Torsvik
/research/more-news/annual-report-2006/:Research;More news;Annual Report 2006
/research/more-news/application-deadline-for-the-master-programme/:Research;More news;Application deadline for the Master programme
/research/more-news/art-and-science/:Research;More news;Art and Science
/research/more-news/austrheim-paper-among-the-classics/:Research;More news;Austrheim paper among the classics
/research/more-news/award-to-francois-renard/:Research;More news;Award to Francois Renard
/research/more-news/board-meeting-2007/:Research;More news;Board Meeting 2007
/research/more-news/board-meeting/:Research;More news;Board meeting
/research/more-news/christophe-galerne/:Research;More news;Christophe Galerne
/research/more-news/congratulations-master-students/:Research;More news;Congratulations, Master students!
/research/more-news/defence-for-luiza-angheluta/:Research;More news;Defence for Luiza Angheluta
/research/more-news/defense-for-marcus-beuchert/:Research;More news;Defense for Marcus Beuchert
/research/more-news/difkintra-workshop/:Research;More news;DIFKINTRA Workshop
/research/more-news/disputation/:Research;More news;Disputation
/research/more-news/earthquakes-fluids-and-metamorphism-at-egu-2009/:Research;More news;Earthquakes, fluids and metamorphism at EGU 2009
/research/more-news/elements-magazine-edited-by-bjorn-jamtveit/:Research;More news;'Elements Magazine' edited by Bjørn Jamtveit
/research/more-news/elvira-mulyukovas-master-defence/:Research;More news;Elvira Mulyukova`s Master defence
/research/more-news/evgeniy-tantserevs-phd-defense/:Research;More news;Evgeniy Tantserev`s PhD defense
/research/more-news/final-master-examination-bodil-oust/:Research;More news;Final Master examination, Bodil Oust
/research/more-news/final-master-examinations/:Research;More news;Final Master examinations
/research/more-news/geomod2010/:Research;More news;GeoMod2010
/research/more-news/geoprints-exhibition-in-iceland/:Research;More news;GEOPRINTS exhibition in Iceland
/research/more-news/global-warming-and-mass-extinctions/:Research;More news;Global warming and mass extinctions
/research/more-news/grl-paper-published/:Research;More news;GRL paper published
/research/more-news/haakon-austrheim-recieves-humboldt-preis/:Research;More news;Haakon Austrheim recieves Humboldt Preis
/research/more-news/hakon-storheims-master-defence/:Research;More news;Håkon Storheim`s Master defence
/research/more-news/hans-amundsen-on-breakfast-tv/:Research;More news;Hans Amundsen on Breakfast TV
/research/more-news/henrik-svensen-receives-yff-grant/:Research;More news;Henrik Svensen receives YFF grant
/research/more-news/honour-to-pgp-professor-trond-h-torsvik/:Research;More news;Honour to PGP-Professor Trond H. Torsvik
/research/more-news/info-meeting-for-master-students/:Research;More news;Info meeting for Master students
/research/more-news/info-meeting-for-new-master-students/:Research;More news;Info meeting for new master students
/research/more-news/internal-pgp-workshop/:Research;More news;Internal PGP Workshop
/research/more-news/james-connolly-workshop/:Research;More news;James Connolly Workshop
/research/more-news/jens-feder-among-top-5-norwegian-professors-in-natural-science/:Research;More news;Jens Feder among top 5 Norwegian professors in Natural Science
/research/more-news/joachim-mathiesen/:Research;More news;Joachim Mathiesen
/research/more-news/jon-blundy/:Research;More news;Jon Blundy
/research/more-news/kings-gold-medal-to-luiza-angheluta/:Research;More news;King`s gold medal to Luiza Angheluta
/research/more-news/kongsberg-seminar-2006/:Research;More news;Kongsberg Seminar 2006
/research/more-news/kristin-myhras-master-defence/:Research;More news;Kristin Myhra`s Master defence
/research/more-news/marcin-krotkiewski-wins-poster-award/:Research;More news;Marcin Krotkiewski wins poster award
/research/more-news/margin-workshop-programme/:Research;More news;Margin Workshop Programme
/research/more-news/master-examination-kristin-paulsen/:Research;More news;Master examination, Kristin Paulsen
/research/more-news/master-examination-loberg/:Research;More news;Master examination, Løberg
/research/more-news/master-exams-for-kirsten-amp-helena/:Research;More news;Master exams for Kirsten & Helena
/research/more-news/masters-degree-projects-for-2007/:Research;More news;Masters Degree Projects for 2007
/research/more-news/media-coverage-after-nature-article/:Research;More news;Media coverage after Nature article
/research/more-news/midway-evaluation-results/:Research;More news;Midway evaluation results!
/research/more-news/new-adjunct-professor-at-pgp/:Research;More news;New adjunct professor at PGP
/research/more-news/new-admin-leader/:Research;More news;New Admin Leader
/research/more-news/new-centre-of-excellence-headed-by-hans-petter-langtangen/:Research;More news;New Centre of Excellence headed by Hans Petter Langtangen
/research/more-news/new-paper-on-the-lusi-mud-volcano/:Research;More news;New paper on the LUSI mud-volcano
/research/more-news/new-petromaks-project/:Research;More news;New Petromaks project
/research/more-news/numerical-modelling-in-earh-science/:Research;More news;Numerical Modelling in Earh Science
/research/more-news/olivier-galland/:Research;More news;Olivier Galland
/research/more-news/outstanding-poster-to-olli/:Research;More news;Outstanding Poster to Olli
/research/more-news/paper-in-geology/:Research;More news;Paper in Geology
/research/more-news/paper-on-pattern-formation-accepted/:Research;More news;Paper on pattern formation accepted
/research/more-news/pgp-art/:Research;More news;PGP-ART
/research/more-news/pgp-article-award/:Research;More news;PGP article award
/research/more-news/pgp-at-agu-2007/:Research;More news;PGP at AGU 2007
/research/more-news/pgp-at-east-java-mud-volcano/:Research;More news;PGP at East Java mud volcano
/research/more-news/pgp-at-east-java-mud-volcano/:Research;More news;PGP at East Java mud volcano
/research/more-news/pgp-at-east-java-mud-volcano/:Research;More news;PGP at East Java mud volcano
/research/more-news/pgp-at-egu-2006-in-vienna/:Research;More news;PGP at EGU 2006 in Vienna
/research/more-news/pgp-at-egu/:Research;More news;PGP at EGU
/research/more-news/pgp-board-meeting-2005/:Research;More news;PGP Board meeting 2005
/research/more-news/pgp-congratulates/:Research;More news;PGP congratulates!
/research/more-news/pgp-in-the-media/:Research;More news;PGP in the media
/research/more-news/pgp-in-the-news/:Research;More news;PGP in the news
/research/more-news/pgp-in-the-news/:Research;More news;PGP in the news
/research/more-news/pgp-on-radio/:Research;More news;PGP on Radio
/research/more-news/pgp-on-radio/:Research;More news;PGP on Radio
/research/more-news/pgp-on-radio/:Research;More news;PGP on Radio
/research/more-news/pgp-on-the-radio/:Research;More news;PGP on the Radio
/research/more-news/pgp-on-the-radio/:Research;More news;PGP on the Radio
/research/more-news/pgp-on-the-radio/:Research;More news;PGP on the radio
/research/more-news/pgp-on-the-radio/:Research;More news;PGP on the radio
/research/more-news/pgp-on-the-tv/:Research;More news;PGP on the TV
/research/more-news/pgp-on-tv/:Research;More news;PGP on TV
/research/more-news/pgp-releases-milamin/:Research;More news;PGP releases MILAMIN
/research/more-news/pgp-seminar-on-global-warming-and-mass-extinctions-in-earth-history/:Research;More news;PGP seminar on global warming and mass extinctions in Earth history
/research/more-news/pgp-workshop-on-plastic-deformation/:Research;More news;PGP Workshop on Plastic Deformation
/research/more-news/pgp-workshop-on-serpentinization/:Research;More news;PGP Workshop on Serpentinization
/research/more-news/pgp-workshop-on-the-norwegian-margin/:Research;More news;PGP workshop on the Norwegian Margin
/research/more-news/phd-defence-for-victorya-yarushina/:Research;More news;PhD defence for Victorya Yarushina
/research/more-news/phd-disputation/:Research;More news;PhD disputation
/research/more-news/phd-dissertation-hans-vrijmoed/:Research;More news;PhD dissertation, Hans Vrijmoed
/research/more-news/phd-dissertation-karen-e-webb/:Research;More news;PhD dissertation, Karen E. Webb
/research/more-news/phd-dissertation/:Research;More news;PhD dissertation
/research/more-news/physical-review-letter-paper-published/:Research;More news;Physical Review Letter paper published
/research/more-news/physics-review-letter-paper-accepted/:Research;More news;Physics Review Letter paper accepted
/research/more-news/poster-award-to-olli/:Research;More news;Poster award to Olli
/research/more-news/poster-awards/:Research;More news;Poster awards
/research/more-news/practical-info/:Research;More news;Practical Info
/research/more-news/prize-for-the-best-master-thesis/:Research;More news;Prize for the best Master thesis
/research/more-news/prize-to-christophe-raufaste/:Research;More news;Prize to Christophe Raufaste
/research/more-news/prize-to-computers-in-science-education/:Research;More news;Prize to Computers in Science Education
/research/more-news/products-2009/:Research;More news;Products 2009
/research/more-news/publication-coming-up/:Research;More news;Publication coming up
/research/more-news/randers-prize-2006-awarded-to-paul-meakin/:Research;More news;Randers Prize 2006 awarded to Paul Meakin
/research/more-news/seminar-at-the-french-cultural-center/:Research;More news;Seminar at the French Cultural Center
/research/more-news/seminar-on-modelling-techniques/:Research;More news;Seminar on Modelling techniques
/research/more-news/seminar-on-stressed-surfaces/:Research;More news;Seminar on stressed surfaces
/research/more-news/simen-braeck-defends-ph-d-/:Research;More news;Simen Bræck defends Ph.D.
/research/more-news/stein-sokes/:Research;More news;Stein søkes
/research/more-news/student-poster-award-at-the-kongsberg-seminar/:Research;More news;Student poster award at the Kongsberg seminar
/research/more-news/the-23rd-kongsberg-seminar/:Research;More news;The 23rd  Kongsberg seminar
/research/more-news/the-23rd-kongsberg-seminar/:Research;More news;The 23rd Kongsberg seminar
/research/more-news/the-24th-kongsberg-seminar/:Research;More news;The 24th Kongsberg Seminar
/research/more-news/the-6th-topo-europe-workshop/:Research;More news;The 6th Topo-Europe workshop
/research/more-news/the-andean-geotrail/:Research;More news;The Andean Geotrail
/research/more-news/the-kings-gold-medal-to-marcin-dabrowski/:Research;More news;The Kings gold medal to Marcin Dabrowski!
/research/more-news/the-kongsberg-seminar-2010/:Research;More news;The Kongsberg seminar 2010
/research/more-news/the-nansen-prize-to-bjorn-jamtveit/:Research;More news;The Nansen prize to Bjørn Jamtveit
/research/more-news/the-pgp-student-conference/:Research;More news;The PGP student conference
/research/more-news/the-vista-day-2009/:Research;More news;The VISTA day 2009
/research/more-news/torsvik-with-a-paper-in-nature/:Research;More news;Torsvik with a paper in Nature
/research/more-news/trond-torsvik-to-cas/:Research;More news;Trond Torsvik to CAS
/research/more-news/uhp-seminar-at-pgp/:Research;More news;UHP seminar at PGP
/research/more-news/ungforsk-21-22-september/:Research;More news;Ungforsk 21-22 September
/research/more-news/ungforsk-at-pgp/:Research;More news;UNGFORSK at PGP
/research/more-news/upcoming-masters-exams/:Research;More news;Upcoming Master's Exams
/research/more-news/vacant-phd-positon-at-pgp/:Research;More news;Vacant PhD positon at PGP
/research/more-news/vacant-phd-postions/:Research;More news;Vacant PhD postions
/research/more-news/vacant-positions/:Research;More news;Vacant positions
/research/more-news/vacant-postdoc-position-at-pgp/:Research;More news;Vacant Postdoc position at PGP
/research/more-news/vista-funding/:Research;More news;Vista funding
/research/more-news/vista-funding/:Research;More news;Vista funding
/research/more-news/waves-of-honey/:Research;More news;Waves of honey
/research/more-news/workshop-in-thermodynamics/:Research;More news;Workshop in thermodynamics
/research/more-news/workshop-modelling-deformation-and-fluid-processes/:Research;More news;Workshop Modelling deformation and fluid processes
/research/more-news/yuri-podladchikov-at-oseg/:Research;More news;Yuri Podladchikov at OSEG
/research/other-products/other-talks-11/:Research;Other Products;Other talks 11
/research/people/adriano-mazzini/:Research;People;Adriano Mazzini
/research/people/alexander-rozhko/:Research;People;Alexander Rozhko
/research/people/amnon-aharony/:Research;People;Amnon Aharony
/research/people/anders-nermoen/:Research;People;Anders Nermoen
/research/people/andreas-beinlich/:Research;People;Andreas Beinlich
/research/people/anja-royne/:Research;People;Anja Røyne
/research/people/background-pgp/:Research;People;Background PGP
/research/people/bernhard-j-wood/:Research;People;Bernhard J. Wood
/research/people/bjorn-jamtveit/:Research;People;Bjørn Jamtveit
/research/people/board/:Research;People;Board
/research/people/christophe-galerne/:Research;People;Christophe Galerne
/research/people/douwe-van-hinsbergen/:Research;People;Douwe van Hinsbergen
/research/people/ellen-karin-maehlum/:Research;People;Ellen Karin Mæhlum
/research/people/else-ragnhild-neumann/:Research;People;Else-Ragnhild Neumann
/research/people/erling-pytte/:Research;People;Erling Pytte
/research/people/filip-ferris-nicolaisen/:Research;People;Filip Ferris Nicolaisen
/research/people/hans-vrijmoed/:Research;People;Hans Vrijmoed
/research/people/henrik-svensen/:Research;People;Henrik Svensen
/research/people/hilde-henriksen/:Research;People;Hilde Henriksen
/research/people/ivar-giaever/:Research;People;Ivar Giaever
/research/people/jacqueline-reber/:Research;People;Jacqueline Reber
/research/people/jan-bisschop/:Research;People;Jan Bisschop
/research/people/jens-g-feder/:Research;People;Jens G. Feder
/research/people/jorn-erik-hovelmann/:Research;People;Jörn-Erik Hövelmann
/research/people/julia-semprich/:Research;People;Julia Semprich
/research/people/julien-scheibert/:Research;People;Julien Scheibert
/research/people/karthik-iyer/:Research;People;Karthik Iyer
/research/people/kirsten-fristad/:Research;People;Kirsten Fristad
/research/people/kjell-ove-storvik/:Research;People;Kjell Ove Storvik
/research/people/magali-rossi/:Research;People;Magali Rossi
/research/people/management-and-coordinators/:Research;People;Management and coordinators
/research/people/marcin-dabrowski/:Research;People;Marcin Dabrowski
/research/people/marcin-krotkiewski/:Research;People;Marcin Krotkiewski
/research/people/marta-adamuszek/:Research;People;Marta Adamuszek
/research/people/maya-e-kobchenko/:Research;People;Maya E. Kobchenko
/research/people/ole-ivar-ulven/:Research;People;Ole Ivar Ulven
/research/people/oliver-plumper/:Research;People;Oliver Plümper
/research/people/oyvind-hammer/:Research;People;Øyvind Hammer
/research/people/people/:Research;People;People
/research/people/pgp-collaborators/:Research;People;PGP collaborators
/research/people/phd-students-for-former-students-see-below/:Research;People;PhD students (for former students, see below)
/research/people/postdocs/:Research;People;Postdocs
/research/people/professors-and-part-time-professors/:Research;People;Professors and part-time professors
/research/people/sergei-medvedev/:Research;People;Sergei Medvedev
/research/people/simen-braeck/:Research;People;Simen Braeck
/research/people/simon-devilliers/:Research;People;Simon deVilliers
/research/people/stephane-polteau/:Research;People;Stephane Polteau
/research/people/technical-and-administrative-staff/:Research;People;Technical and administrative staff
/research/people/torbjorn-bjork/:Research;People;Torbjørn Bjørk
/research/people/torstein-jossang/:Research;People;Torstein Jøssang
/research/people/trine-lise-k-gorbitzn/:Research;People;Trine-Lise K. Gørbitzn
/research/people/trond-h-torsvik/:Research;People;Trond H. Torsvik
/research/people/trond-h-torsvik/:Research;People;Trond H. Torsvik
/research/people/visitors/:Research;People;Visitors
/research/pgp-abstract/field-work-2008/:Research;PGP-Abstract;Field work 2008
/research/publications-in-int-journals/publications-in-int-journals-2003/:Research;Publications in int. journals;Publications in int. journals 2003
/research/publications-in-int-journals/publications-in-int-journals-2005/:Research;Publications in int. journals;Publications in int. journals 2005
/research/publications-in-int-journals/publications-in-int-journals-2006/:Research;Publications in int. journals;Publications in int. journals 2006
/research/publications-in-int-journals/publications-in-int-journals-2007/:Research;Publications in int. journals;Publications in int. journals 2007
/research/publications-in-int-journals/publications-in-int-journals-2008/:Research;Publications in int. journals;Publications in int. journals 2008
/research/publications-in-int-journals/publications-in-int-journals-2009/:Research;Publications in int. journals;Publications in int. journals 2009
/research/publications-in-int-journals/publications-in-int-journals-2010/:Research;Publications in int. journals;Publications in int. journals 2010
/research/surface-processes/rough-surfaces/:Research;Surface processes;Rough surfaces
/seminars-meetings/:Invited talks at PGP
/seminars-meetings/board-meetings/:Seminars / Meetings;Board meetings
/seminars-meetings/kongsberg-seminar-2010/about-the-konsberg-seminar/:Seminars / Meetings;Kongsberg seminar 2010;About the Kongsberg seminar
/seminars-meetings/kongsberg-seminar-2010/practical-info/:Seminars / Meetings;Kongsberg seminar 2010;Practical Info
/seminars-meetings/kongsberg-seminar-2011/:Seminars / Meetings;The Kongsberg Seminar 2011
/talks-and-posters-at-conferences/:Talks and posters 2002-04
